<?xml version="1.0" encoding="UTF-8"?>
<!-- Generated by org.testng.reporters.JUnitXMLReporter -->
<testsuite hostname="PVi7920W10En64b" ignored="0" name="Test-class test" tests="4" failures="0" timestamp="22 Apr 2017 16:15:22 GMT" time="0.031" errors="0">
  <testcase name="testMethodOne" time="0.0" classname="com.platform.framework.ParallelClassesTestTwo"/>
  <testcase name="testMethodOne" time="0.0" classname="com.platform.framework.ParallelClassesTestOne"/>
  <testcase name="testMethodTwo" time="0.0" classname="com.platform.framework.ParallelClassesTestOne"/>
  <testcase name="testMethodTwo" time="0.0" classname="com.platform.framework.ParallelClassesTestTwo"/>
</testsuite> <!-- Test-class test -->
