<?xml version="1.0" encoding="UTF-8"?>
<!-- Generated by org.testng.reporters.JUnitReportReporter -->
<testsuite skipped="0" hostname="PVi7920W10En64b" name="com.platform.framework.ParallelClassesTestTwo" tests="2" failures="0" timestamp="22 Apr 2017 16:15:22 GMT" time="0.000" errors="0">
  <testcase name="testMethodOne" time="0.000" classname="com.platform.framework.ParallelClassesTestTwo"/>
  <testcase name="testMethodTwo" time="0.000" classname="com.platform.framework.ParallelClassesTestTwo"/>
</testsuite> <!-- com.platform.framework.ParallelClassesTestTwo -->
